<?xml version="1.0" encoding="UTF-8"?>
<!-- Generated by org.testng.reporters.JUnitReportReporter -->
<testsuite skipped="0" hostname="v2mumpc0060" name="com.test.Script" tests="1" failures="0" timestamp="16 May 2018 12:07:26 GMT" time="73.753" errors="0">
  <testcase name="dishBravo" time="73.753" classname="com.test.Script"/>
</testsuite> <!-- com.test.Script -->
