<?xml version="1.0" encoding="UTF-8"?>
<!-- Generated by org.testng.reporters.JUnitReportReporter -->
<testsuite skipped="0" hostname="v2mumpc0464" name="com.test.DishScript" tests="1" failures="0" timestamp="18 Jun 2018 06:05:34 GMT" time="488.429" errors="0">
  <testcase name="dishBravo" time="488.429" classname="com.test.DishScript"/>
</testsuite> <!-- com.test.DishScript -->
