<?xml version="1.0" encoding="UTF-8"?>
<!-- Generated by org.testng.reporters.JUnitReportReporter -->
<testsuite skipped="0" hostname="v2mumpc0060" name="com.test.DishScript2" tests="1" failures="0" timestamp="16 May 2018 14:29:36 GMT" time="154.288" errors="0">
  <testcase name="dishBravo" time="154.288" classname="com.test.DishScript2"/>
</testsuite> <!-- com.test.DishScript2 -->
