<?xml version="1.0" encoding="UTF-8"?>
<!-- Generated by org.testng.reporters.JUnitReportReporter -->
<testsuite skipped="0" hostname="v2mumpc0464" name="com.test.Hulu" tests="1" failures="0" timestamp="11 Jun 2018 08:49:59 GMT" time="67.981" errors="0">
  <testcase name="DTV" time="67.981" classname="com.test.Hulu"/>
</testsuite> <!-- com.test.Hulu -->
