<?xml version="1.0" encoding="UTF-8"?>
<!-- Generated by org.testng.reporters.JUnitReportReporter -->
<testsuite skipped="0" hostname="v2mumpc0464" name="com.test.DTVNow" tests="1" failures="0" timestamp="11 Jun 2018 06:35:52 GMT" time="1006.070" errors="0">
  <testcase name="DTV" time="1006.070" classname="com.test.DTVNow"/>
</testsuite> <!-- com.test.DTVNow -->
