<?xml version="1.0" encoding="UTF-8"?>
<!-- Generated by org.testng.reporters.JUnitReportReporter -->
<testsuite skipped="0" hostname="v2mumpc0464" name="com.test.DirecTV" tests="1" failures="0" timestamp="11 Jun 2018 07:11:50 GMT" time="1135.457" errors="0">
  <testcase name="DirectTV" time="1135.457" classname="com.test.DirecTV"/>
</testsuite> <!-- com.test.DirecTV -->
