<?xml version="1.0" encoding="UTF-8"?>
<!-- Generated by org.testng.reporters.JUnitReportReporter -->
<testsuite skipped="0" hostname="v2mumpc0464" name="com.test.HuluScript" tests="1" failures="0" timestamp="12 Jun 2018 04:48:49 GMT" time="121.312" errors="0">
  <testcase name="DTV" time="121.312" classname="com.test.HuluScript"/>
</testsuite> <!-- com.test.HuluScript -->
