<?xml version="1.0" encoding="UTF-8"?>
<!-- Generated by org.testng.reporters.JUnitReportReporter -->
<testsuite skipped="0" hostname="v2mumpc0464" name="com.test.FuboScript" tests="1" failures="0" timestamp="11 Jun 2018 07:47:01 GMT" time="309.864" errors="0">
  <testcase name="dishBravo" time="309.864" classname="com.test.FuboScript"/>
</testsuite> <!-- com.test.FuboScript -->
